SF:lib/features/storage_item/controller/storage_items_controller.dart
DA:7,0
DA:8,0
DA:11,2
DA:12,1
DA:13,0
DA:14,0
DA:20,0
DA:22,0
DA:23,0
DA:25,0
DA:29,0
DA:30,0
DA:33,0
DA:34,0
DA:36,0
LF:15
LH:2
end_of_record
SF:lib/features/storage_item/ui/items_list/items_list_page.dart
DA:12,1
DA:16,0
DA:20,0
DA:21,0
DA:26,0
DA:27,0
DA:30,0
DA:33,0
DA:36,1
DA:38,2
DA:40,1
DA:41,1
DA:44,1
DA:45,0
DA:46,0
DA:49,0
DA:50,0
DA:52,0
DA:58,1
DA:59,2
DA:63,1
DA:64,1
DA:65,1
DA:66,1
DA:74,1
DA:75,2
DA:76,1
DA:82,1
DA:85,0
LF:29
LH:16
end_of_record
SF:lib/features/storage_item/services/storage_service.dart
DA:13,0
DA:14,0
DA:17,0
DA:18,0
DA:19,0
DA:20,0
DA:22,0
DA:23,0
DA:28,0
DA:29,0
DA:34,0
DA:35,0
DA:37,0
DA:39,0
DA:42,0
DA:43,0
DA:46,0
DA:48,0
DA:49,0
DA:50,0
DA:53,0
DA:54,0
DA:60,0
DA:61,0
DA:66,0
DA:67,0
DA:71,0
DA:72,0
LF:28
LH:0
end_of_record
SF:lib/features/storage_item/ui/items_list/storage_item_tile.dart
DA:5,1
DA:12,1
DA:14,1
DA:16,2
DA:17,1
DA:18,1
DA:19,2
DA:20,2
LF:8
LH:8
end_of_record
SF:lib/features/storage_item/ui/items_list/upload_progress_dialog.dart
DA:7,1
DA:9,0
DA:11,0
DA:14,0
DA:16,0
DA:18,0
DA:19,0
DA:20,0
DA:22,0
DA:27,0
DA:28,0
DA:31,0
DA:32,0
LF:13
LH:1
end_of_record
